2020-05-19 16:21:57.928 - INFO  [           main] o.s.b.StartupInfoLogger        : Starting DemoApplication on DESKTOP-7TU6P8T with PID 32588 (D:\myworkspace\SpringBoot\target\classes started by zwh in D:\myworkspace\SpringBoot)
2020-05-19 16:21:58.014 - INFO  [           main] o.s.b.SpringApplication        : No active profile set, falling back to default profiles: default
2020-05-19 16:22:00.880 - INFO  [           main] epositoryConfigurationDelegate : Multiple Spring Data modules found, entering strict repository configuration mode!
2020-05-19 16:22:00.892 - INFO  [           main] epositoryConfigurationDelegate : Bootstrapping Spring Data repositories in DEFAULT mode.
2020-05-19 16:22:10.265 - INFO  [           main] epositoryConfigurationDelegate : Finished Spring Data repository scanning in 9337ms. Found 0 repository interfaces.
2020-05-19 16:22:13.110 - INFO  [           main] o.s.b.w.e.t.TomcatWebServer    : Tomcat initialized with port(s): 8080 (http)
2020-05-19 16:22:13.136 - INFO  [           main] o.a.j.l.DirectJDKLog           : Initializing ProtocolHandler ["http-nio-8080"]
2020-05-19 16:22:13.264 - INFO  [           main] o.a.j.l.DirectJDKLog           : Starting service [Tomcat]
2020-05-19 16:22:13.266 - INFO  [           main] o.a.j.l.DirectJDKLog           : Starting Servlet Engine: Apache Tomcat/9.0.13
2020-05-19 16:22:13.294 - INFO  [           main] o.a.j.l.DirectJDKLog           : The APR based Apache Tomcat Native library which allows optimal performance in production environments was not found on the java.library.path: [E:\software\tools\jdk 1.8\bin;C:\Windows\Sun\Java\bin;C:\Windows\system32;C:\Windows;D:\install\tools\;C:\Windows\system32;C:\Windows;C:\Windows\System32\Wbem;C:\Windows\System32\WindowsPowerShell\v1.0\;C:\Windows\System32\OpenSSH\;D:\install\tools\Git\cmd;E:\software\tools\jdk 1.8\bin;.;E:\software\tools\jdk 1.8\lib;E:\software\tools\jdk 1.8\lib\tool.jar;C:\Users\zwh\AppData\Local\Microsoft\WindowsApps;;.]
2020-05-19 16:22:14.128 - INFO  [           main] o.a.j.l.DirectJDKLog           : Initializing Spring embedded WebApplicationContext
2020-05-19 16:22:14.128 - INFO  [           main] letWebServerApplicationContext : Root WebApplicationContext: initialization completed in 15925 ms
2020-05-19 16:22:35.491 - INFO  [           main] o.a.j.l.DirectJDKLog           : Starting ProtocolHandler ["http-nio-8080"]
2020-05-19 16:22:35.518 - INFO  [           main] o.a.j.l.DirectJDKLog           : Using a shared selector for servlet write/read
2020-05-19 16:22:35.565 - INFO  [           main] o.s.b.w.e.t.TomcatWebServer    : Tomcat started on port(s): 8080 (http) with context path ''
2020-05-19 16:22:35.572 - INFO  [           main] o.s.b.StartupInfoLogger        : Started DemoApplication in 39.134 seconds (JVM running for 43.62)
2020-05-19 16:24:32.801 - INFO  [           main] o.s.b.StartupInfoLogger        : Starting DemoApplication on DESKTOP-7TU6P8T with PID 27300 (D:\myworkspace\SpringBoot\target\classes started by zwh in D:\myworkspace\SpringBoot)
2020-05-19 16:24:32.835 - INFO  [           main] o.s.b.SpringApplication        : No active profile set, falling back to default profiles: default
2020-05-19 16:24:34.687 - INFO  [           main] epositoryConfigurationDelegate : Multiple Spring Data modules found, entering strict repository configuration mode!
2020-05-19 16:24:34.702 - INFO  [           main] epositoryConfigurationDelegate : Bootstrapping Spring Data repositories in DEFAULT mode.
2020-05-19 16:24:40.704 - INFO  [           main] epositoryConfigurationDelegate : Finished Spring Data repository scanning in 5917ms. Found 0 repository interfaces.
2020-05-19 16:24:42.308 - INFO  [           main] o.s.b.w.e.t.TomcatWebServer    : Tomcat initialized with port(s): 8080 (http)
2020-05-19 16:24:42.332 - INFO  [           main] o.a.j.l.DirectJDKLog           : Initializing ProtocolHandler ["http-nio-8080"]
2020-05-19 16:24:42.361 - INFO  [           main] o.a.j.l.DirectJDKLog           : Starting service [Tomcat]
2020-05-19 16:24:42.362 - INFO  [           main] o.a.j.l.DirectJDKLog           : Starting Servlet Engine: Apache Tomcat/9.0.13
2020-05-19 16:24:42.389 - INFO  [           main] o.a.j.l.DirectJDKLog           : The APR based Apache Tomcat Native library which allows optimal performance in production environments was not found on the java.library.path: [E:\software\tools\jdk 1.8\bin;C:\Windows\Sun\Java\bin;C:\Windows\system32;C:\Windows;D:\install\tools\;C:\Windows\system32;C:\Windows;C:\Windows\System32\Wbem;C:\Windows\System32\WindowsPowerShell\v1.0\;C:\Windows\System32\OpenSSH\;D:\install\tools\Git\cmd;E:\software\tools\jdk 1.8\bin;.;E:\software\tools\jdk 1.8\lib;E:\software\tools\jdk 1.8\lib\tool.jar;C:\Users\zwh\AppData\Local\Microsoft\WindowsApps;;.]
2020-05-19 16:24:42.861 - INFO  [           main] o.a.j.l.DirectJDKLog           : Initializing Spring embedded WebApplicationContext
2020-05-19 16:24:42.861 - INFO  [           main] letWebServerApplicationContext : Root WebApplicationContext: initialization completed in 9879 ms
2020-05-19 16:24:50.821 - WARN  [           main] c.s.AbstractApplicationContext : Exception encountered during context initialization - cancelling refresh attempt: org.springframework.beans.factory.BeanCreationException: Error creating bean with name 'redisConfig': Injection of autowired dependencies failed; nested exception is java.lang.IllegalArgumentException: Could not resolve placeholder 'spring.redis.password' in value "${spring.redis.password}"
2020-05-19 16:24:50.829 - INFO  [           main] o.a.j.l.DirectJDKLog           : Stopping service [Tomcat]
2020-05-19 16:24:50.861 - INFO  [           main] valuationReportLoggingListener : 

Error starting ApplicationContext. To display the conditions report re-run your application with 'debug' enabled.
2020-05-19 16:26:06.190 - INFO  [           main] o.s.b.StartupInfoLogger        : Starting DemoApplication on DESKTOP-7TU6P8T with PID 31852 (D:\myworkspace\SpringBoot\target\classes started by zwh in D:\myworkspace\SpringBoot)
2020-05-19 16:26:06.204 - INFO  [           main] o.s.b.SpringApplication        : No active profile set, falling back to default profiles: default
2020-05-19 16:26:08.097 - INFO  [           main] epositoryConfigurationDelegate : Multiple Spring Data modules found, entering strict repository configuration mode!
2020-05-19 16:26:08.104 - INFO  [           main] epositoryConfigurationDelegate : Bootstrapping Spring Data repositories in DEFAULT mode.
2020-05-19 16:26:14.470 - INFO  [           main] epositoryConfigurationDelegate : Finished Spring Data repository scanning in 6329ms. Found 0 repository interfaces.
2020-05-19 16:26:16.095 - INFO  [           main] o.s.b.w.e.t.TomcatWebServer    : Tomcat initialized with port(s): 8080 (http)
2020-05-19 16:26:16.128 - INFO  [           main] o.a.j.l.DirectJDKLog           : Initializing ProtocolHandler ["http-nio-8080"]
2020-05-19 16:26:16.158 - INFO  [           main] o.a.j.l.DirectJDKLog           : Starting service [Tomcat]
2020-05-19 16:26:16.169 - INFO  [           main] o.a.j.l.DirectJDKLog           : Starting Servlet Engine: Apache Tomcat/9.0.13
2020-05-19 16:26:16.194 - INFO  [           main] o.a.j.l.DirectJDKLog           : The APR based Apache Tomcat Native library which allows optimal performance in production environments was not found on the java.library.path: [E:\software\tools\jdk 1.8\bin;C:\Windows\Sun\Java\bin;C:\Windows\system32;C:\Windows;D:\install\tools\;C:\Windows\system32;C:\Windows;C:\Windows\System32\Wbem;C:\Windows\System32\WindowsPowerShell\v1.0\;C:\Windows\System32\OpenSSH\;D:\install\tools\Git\cmd;E:\software\tools\jdk 1.8\bin;.;E:\software\tools\jdk 1.8\lib;E:\software\tools\jdk 1.8\lib\tool.jar;C:\Users\zwh\AppData\Local\Microsoft\WindowsApps;;.]
2020-05-19 16:26:16.628 - INFO  [           main] o.a.j.l.DirectJDKLog           : Initializing Spring embedded WebApplicationContext
2020-05-19 16:26:16.629 - INFO  [           main] letWebServerApplicationContext : Root WebApplicationContext: initialization completed in 10268 ms
2020-05-19 16:26:23.314 - INFO  [           main] c.c.r.RedisConfig              : 创建redis缓存
2020-05-19 16:26:29.339 - INFO  [           main] o.a.j.l.DirectJDKLog           : Starting ProtocolHandler ["http-nio-8080"]
2020-05-19 16:26:29.381 - INFO  [           main] o.a.j.l.DirectJDKLog           : Using a shared selector for servlet write/read
2020-05-19 16:26:29.671 - INFO  [           main] o.s.b.w.e.t.TomcatWebServer    : Tomcat started on port(s): 8080 (http) with context path ''
2020-05-19 16:26:29.678 - INFO  [           main] o.s.b.StartupInfoLogger        : Started DemoApplication in 24.872 seconds (JVM running for 28.846)
2020-05-19 16:33:26.971 - INFO  [           main] o.s.b.StartupInfoLogger        : Starting DemoApplication on DESKTOP-7TU6P8T with PID 31404 (D:\myworkspace\SpringBoot\target\classes started by zwh in D:\myworkspace\SpringBoot)
2020-05-19 16:33:26.994 - INFO  [           main] o.s.b.SpringApplication        : No active profile set, falling back to default profiles: default
2020-05-19 16:33:29.996 - INFO  [           main] epositoryConfigurationDelegate : Multiple Spring Data modules found, entering strict repository configuration mode!
2020-05-19 16:33:30.003 - INFO  [           main] epositoryConfigurationDelegate : Bootstrapping Spring Data repositories in DEFAULT mode.
2020-05-19 16:33:36.000 - INFO  [           main] epositoryConfigurationDelegate : Finished Spring Data repository scanning in 5957ms. Found 0 repository interfaces.
2020-05-19 16:33:37.688 - INFO  [           main] o.s.b.w.e.t.TomcatWebServer    : Tomcat initialized with port(s): 8080 (http)
2020-05-19 16:33:37.715 - INFO  [           main] o.a.j.l.DirectJDKLog           : Initializing ProtocolHandler ["http-nio-8080"]
2020-05-19 16:33:37.745 - INFO  [           main] o.a.j.l.DirectJDKLog           : Starting service [Tomcat]
2020-05-19 16:33:37.747 - INFO  [           main] o.a.j.l.DirectJDKLog           : Starting Servlet Engine: Apache Tomcat/9.0.13
2020-05-19 16:33:37.766 - INFO  [           main] o.a.j.l.DirectJDKLog           : The APR based Apache Tomcat Native library which allows optimal performance in production environments was not found on the java.library.path: [E:\software\tools\jdk 1.8\bin;C:\Windows\Sun\Java\bin;C:\Windows\system32;C:\Windows;D:\install\tools\;C:\Windows\system32;C:\Windows;C:\Windows\System32\Wbem;C:\Windows\System32\WindowsPowerShell\v1.0\;C:\Windows\System32\OpenSSH\;D:\install\tools\Git\cmd;E:\software\tools\jdk 1.8\bin;.;E:\software\tools\jdk 1.8\lib;E:\software\tools\jdk 1.8\lib\tool.jar;C:\Users\zwh\AppData\Local\Microsoft\WindowsApps;;.]
2020-05-19 16:33:38.175 - INFO  [           main] o.a.j.l.DirectJDKLog           : Initializing Spring embedded WebApplicationContext
2020-05-19 16:33:38.176 - INFO  [           main] letWebServerApplicationContext : Root WebApplicationContext: initialization completed in 10877 ms
2020-05-19 16:33:42.303 - INFO  [           main] c.c.r.RedisConfig              : 创建redis缓存
2020-05-19 16:33:44.721 - INFO  [           main] o.a.j.l.DirectJDKLog           : Starting ProtocolHandler ["http-nio-8080"]
2020-05-19 16:33:44.746 - INFO  [           main] o.a.j.l.DirectJDKLog           : Using a shared selector for servlet write/read
2020-05-19 16:33:44.779 - INFO  [           main] o.s.b.w.e.t.TomcatWebServer    : Tomcat started on port(s): 8080 (http) with context path ''
2020-05-19 16:33:44.787 - INFO  [           main] o.s.b.StartupInfoLogger        : Started DemoApplication in 18.757 seconds (JVM running for 21.412)
